2022/03/21 02:52:16 [notice] 1#1: using the "epoll" event method
2022/03/21 02:52:16 [notice] 1#1: nginx/1.21.6
2022/03/21 02:52:16 [notice] 1#1: built by gcc 10.2.1 20210110 (Debian 10.2.1-6) 
2022/03/21 02:52:16 [notice] 1#1: OS: Linux 5.11.0-43-generic
2022/03/21 02:52:16 [notice] 1#1: getrlimit(RLIMIT_NOFILE): 1048576:1048576
2022/03/21 02:52:16 [notice] 1#1: start worker processes
2022/03/21 02:52:16 [notice] 1#1: start worker process 22
2022/03/21 02:52:16 [notice] 1#1: start worker process 23
2022/03/21 02:53:30 [notice] 1#1: signal 3 (SIGQUIT) received, shutting down
2022/03/21 02:53:30 [notice] 22#22: gracefully shutting down
2022/03/21 02:53:30 [notice] 23#23: gracefully shutting down
2022/03/21 02:53:30 [notice] 23#23: exiting
2022/03/21 02:53:30 [notice] 23#23: exit
2022/03/21 02:53:30 [notice] 22#22: exiting
2022/03/21 02:53:30 [notice] 22#22: exit
2022/03/21 02:53:30 [notice] 1#1: signal 17 (SIGCHLD) received from 22
2022/03/21 02:53:30 [notice] 1#1: worker process 22 exited with code 0
2022/03/21 02:53:30 [notice] 1#1: worker process 23 exited with code 0
2022/03/21 02:53:30 [notice] 1#1: exit
2022/03/21 03:05:07 [notice] 1#1: using the "epoll" event method
2022/03/21 03:05:07 [notice] 1#1: nginx/1.21.6
2022/03/21 03:05:07 [notice] 1#1: built by gcc 10.2.1 20210110 (Debian 10.2.1-6) 
2022/03/21 03:05:07 [notice] 1#1: OS: Linux 5.11.0-43-generic
2022/03/21 03:05:07 [notice] 1#1: getrlimit(RLIMIT_NOFILE): 1048576:1048576
2022/03/21 03:05:07 [notice] 1#1: start worker processes
2022/03/21 03:05:07 [notice] 1#1: start worker process 23
2022/03/21 03:05:07 [notice] 1#1: start worker process 24
2022/03/21 03:05:09 [notice] 1#1: signal 3 (SIGQUIT) received, shutting down
2022/03/21 03:05:09 [notice] 24#24: gracefully shutting down
2022/03/21 03:05:09 [notice] 24#24: exiting
2022/03/21 03:05:09 [notice] 24#24: exit
2022/03/21 03:05:09 [notice] 23#23: gracefully shutting down
2022/03/21 03:05:09 [notice] 23#23: exiting
2022/03/21 03:05:09 [notice] 23#23: exit
2022/03/21 03:05:09 [notice] 1#1: signal 17 (SIGCHLD) received from 24
2022/03/21 03:05:09 [notice] 1#1: worker process 24 exited with code 0
2022/03/21 03:05:09 [notice] 1#1: signal 29 (SIGIO) received
2022/03/21 03:05:09 [notice] 1#1: signal 17 (SIGCHLD) received from 23
2022/03/21 03:05:09 [notice] 1#1: worker process 23 exited with code 0
2022/03/21 03:05:09 [notice] 1#1: exit
2022/03/21 03:06:15 [notice] 1#1: using the "epoll" event method
2022/03/21 03:06:15 [notice] 1#1: nginx/1.21.6
2022/03/21 03:06:15 [notice] 1#1: built by gcc 10.2.1 20210110 (Debian 10.2.1-6) 
2022/03/21 03:06:15 [notice] 1#1: OS: Linux 5.11.0-43-generic
2022/03/21 03:06:15 [notice] 1#1: getrlimit(RLIMIT_NOFILE): 1048576:1048576
2022/03/21 03:06:15 [notice] 1#1: start worker processes
2022/03/21 03:06:15 [notice] 1#1: start worker process 31
2022/03/21 03:06:15 [notice] 1#1: start worker process 32
2022/03/21 03:06:23 [error] 31#31: *1 connect() failed (111: Connection refused) while connecting to upstream, client: 172.19.0.1, server: domain.com, request: "GET / HTTP/1.1", upstream: "http://172.19.0.4:80/", host: "localhost:8080"
2022/03/21 03:06:25 [error] 32#32: *3 connect() failed (111: Connection refused) while connecting to upstream, client: 172.19.0.1, server: domain.com, request: "GET / HTTP/1.1", upstream: "http://172.19.0.4:80/", host: "localhost:8080"
2022/03/21 03:06:35 [notice] 1#1: signal 3 (SIGQUIT) received, shutting down
2022/03/21 03:06:35 [notice] 31#31: gracefully shutting down
2022/03/21 03:06:35 [notice] 31#31: exiting
2022/03/21 03:06:35 [notice] 31#31: exit
2022/03/21 03:06:35 [notice] 32#32: gracefully shutting down
2022/03/21 03:06:35 [notice] 32#32: exiting
2022/03/21 03:06:35 [notice] 32#32: exit
2022/03/21 03:06:36 [notice] 1#1: signal 17 (SIGCHLD) received from 31
2022/03/21 03:06:36 [notice] 1#1: worker process 31 exited with code 0
2022/03/21 03:06:36 [notice] 1#1: signal 29 (SIGIO) received
2022/03/21 03:06:36 [notice] 1#1: signal 17 (SIGCHLD) received from 32
2022/03/21 03:06:36 [notice] 1#1: worker process 32 exited with code 0
2022/03/21 03:06:36 [notice] 1#1: exit
2022/03/21 03:07:15 [notice] 1#1: using the "epoll" event method
2022/03/21 03:07:15 [notice] 1#1: nginx/1.21.6
2022/03/21 03:07:15 [notice] 1#1: built by gcc 10.2.1 20210110 (Debian 10.2.1-6) 
2022/03/21 03:07:15 [notice] 1#1: OS: Linux 5.11.0-43-generic
2022/03/21 03:07:15 [notice] 1#1: getrlimit(RLIMIT_NOFILE): 1048576:1048576
2022/03/21 03:07:15 [notice] 1#1: start worker processes
2022/03/21 03:07:15 [notice] 1#1: start worker process 23
2022/03/21 03:07:15 [notice] 1#1: start worker process 24
2022/03/21 03:07:39 [notice] 1#1: signal 3 (SIGQUIT) received, shutting down
2022/03/21 03:07:39 [notice] 23#23: gracefully shutting down
2022/03/21 03:07:39 [notice] 24#24: gracefully shutting down
2022/03/21 03:07:39 [notice] 23#23: exiting
2022/03/21 03:07:39 [notice] 24#24: exiting
2022/03/21 03:07:39 [notice] 23#23: exit
2022/03/21 03:07:39 [notice] 24#24: exit
2022/03/21 03:07:39 [notice] 1#1: signal 17 (SIGCHLD) received from 23
2022/03/21 03:07:39 [notice] 1#1: worker process 23 exited with code 0
2022/03/21 03:07:39 [notice] 1#1: signal 29 (SIGIO) received
2022/03/21 03:07:39 [notice] 1#1: signal 17 (SIGCHLD) received from 24
2022/03/21 03:07:39 [notice] 1#1: worker process 24 exited with code 0
2022/03/21 03:07:39 [notice] 1#1: exit
2022/03/21 03:09:14 [notice] 1#1: using the "epoll" event method
2022/03/21 03:09:14 [notice] 1#1: nginx/1.21.6
2022/03/21 03:09:14 [notice] 1#1: built by gcc 10.2.1 20210110 (Debian 10.2.1-6) 
2022/03/21 03:09:14 [notice] 1#1: OS: Linux 5.11.0-43-generic
2022/03/21 03:09:14 [notice] 1#1: getrlimit(RLIMIT_NOFILE): 1048576:1048576
2022/03/21 03:09:14 [notice] 1#1: start worker processes
2022/03/21 03:09:14 [notice] 1#1: start worker process 22
2022/03/21 03:09:14 [notice] 1#1: start worker process 23
2022/03/21 03:09:26 [notice] 1#1: signal 3 (SIGQUIT) received, shutting down
2022/03/21 03:09:26 [notice] 23#23: gracefully shutting down
2022/03/21 03:09:26 [notice] 22#22: gracefully shutting down
2022/03/21 03:09:26 [notice] 23#23: exiting
2022/03/21 03:09:26 [notice] 22#22: exiting
2022/03/21 03:09:26 [notice] 23#23: exit
2022/03/21 03:09:26 [notice] 22#22: exit
2022/03/21 03:09:26 [notice] 1#1: signal 17 (SIGCHLD) received from 22
2022/03/21 03:09:26 [notice] 1#1: worker process 22 exited with code 0
2022/03/21 03:09:26 [notice] 1#1: signal 29 (SIGIO) received
2022/03/21 03:09:26 [notice] 1#1: signal 17 (SIGCHLD) received from 23
2022/03/21 03:09:26 [notice] 1#1: worker process 23 exited with code 0
2022/03/21 03:09:26 [notice] 1#1: exit
2022/03/21 03:10:56 [notice] 1#1: using the "epoll" event method
2022/03/21 03:10:56 [notice] 1#1: nginx/1.21.6
2022/03/21 03:10:56 [notice] 1#1: built by gcc 10.2.1 20210110 (Debian 10.2.1-6) 
2022/03/21 03:10:56 [notice] 1#1: OS: Linux 5.11.0-43-generic
2022/03/21 03:10:56 [notice] 1#1: getrlimit(RLIMIT_NOFILE): 1048576:1048576
2022/03/21 03:10:56 [notice] 1#1: start worker processes
2022/03/21 03:10:56 [notice] 1#1: start worker process 22
2022/03/21 03:10:56 [notice] 1#1: start worker process 23
2022/03/21 03:11:12 [notice] 1#1: signal 3 (SIGQUIT) received, shutting down
2022/03/21 03:11:12 [notice] 22#22: gracefully shutting down
2022/03/21 03:11:12 [notice] 22#22: exiting
2022/03/21 03:11:12 [notice] 22#22: exit
2022/03/21 03:11:12 [notice] 23#23: gracefully shutting down
2022/03/21 03:11:12 [notice] 23#23: exiting
2022/03/21 03:11:12 [notice] 23#23: exit
2022/03/21 03:11:12 [notice] 1#1: signal 17 (SIGCHLD) received from 22
2022/03/21 03:11:12 [notice] 1#1: worker process 22 exited with code 0
2022/03/21 03:11:12 [notice] 1#1: signal 29 (SIGIO) received
2022/03/21 03:11:12 [notice] 1#1: signal 17 (SIGCHLD) received from 23
2022/03/21 03:11:12 [notice] 1#1: worker process 23 exited with code 0
2022/03/21 03:11:12 [notice] 1#1: exit
2022/03/21 03:12:31 [notice] 1#1: using the "epoll" event method
2022/03/21 03:12:31 [notice] 1#1: nginx/1.21.6
2022/03/21 03:12:31 [notice] 1#1: built by gcc 10.2.1 20210110 (Debian 10.2.1-6) 
2022/03/21 03:12:31 [notice] 1#1: OS: Linux 5.11.0-43-generic
2022/03/21 03:12:31 [notice] 1#1: getrlimit(RLIMIT_NOFILE): 1048576:1048576
2022/03/21 03:12:31 [notice] 1#1: start worker processes
2022/03/21 03:12:31 [notice] 1#1: start worker process 23
2022/03/21 03:12:31 [notice] 1#1: start worker process 24
2022/03/21 03:13:41 [notice] 1#1: signal 3 (SIGQUIT) received, shutting down
2022/03/21 03:13:41 [notice] 23#23: gracefully shutting down
2022/03/21 03:13:41 [notice] 23#23: exiting
2022/03/21 03:13:41 [notice] 23#23: exit
2022/03/21 03:13:41 [notice] 24#24: gracefully shutting down
2022/03/21 03:13:41 [notice] 24#24: exiting
2022/03/21 03:13:41 [notice] 24#24: exit
2022/03/21 03:13:41 [notice] 1#1: signal 17 (SIGCHLD) received from 23
2022/03/21 03:13:41 [notice] 1#1: worker process 23 exited with code 0
2022/03/21 03:13:41 [notice] 1#1: signal 29 (SIGIO) received
2022/03/21 03:13:41 [notice] 1#1: signal 17 (SIGCHLD) received from 24
2022/03/21 03:13:41 [notice] 1#1: worker process 24 exited with code 0
2022/03/21 03:13:41 [notice] 1#1: exit
2022/03/21 03:14:15 [notice] 1#1: using the "epoll" event method
2022/03/21 03:14:15 [notice] 1#1: nginx/1.21.6
2022/03/21 03:14:15 [notice] 1#1: built by gcc 10.2.1 20210110 (Debian 10.2.1-6) 
2022/03/21 03:14:15 [notice] 1#1: OS: Linux 5.11.0-43-generic
2022/03/21 03:14:15 [notice] 1#1: getrlimit(RLIMIT_NOFILE): 1048576:1048576
2022/03/21 03:14:15 [notice] 1#1: start worker processes
2022/03/21 03:14:15 [notice] 1#1: start worker process 22
2022/03/21 03:14:15 [notice] 1#1: start worker process 23
2022/03/21 03:15:16 [notice] 1#1: signal 3 (SIGQUIT) received, shutting down
2022/03/21 03:15:16 [notice] 22#22: gracefully shutting down
2022/03/21 03:15:16 [notice] 23#23: gracefully shutting down
2022/03/21 03:15:16 [notice] 22#22: exiting
2022/03/21 03:15:16 [notice] 22#22: exit
2022/03/21 03:15:16 [notice] 23#23: exiting
2022/03/21 03:15:16 [notice] 23#23: exit
2022/03/21 03:15:16 [notice] 1#1: signal 17 (SIGCHLD) received from 23
2022/03/21 03:15:16 [notice] 1#1: worker process 22 exited with code 0
2022/03/21 03:15:16 [notice] 1#1: worker process 23 exited with code 0
2022/03/21 03:15:16 [notice] 1#1: exit
2022/03/21 03:15:50 [emerg] 1#1: "proxy_pass" directive is duplicate in /etc/nginx/conf.d/nginx.conf:17
2022/03/21 03:16:52 [notice] 1#1: using the "epoll" event method
2022/03/21 03:16:52 [notice] 1#1: nginx/1.21.6
2022/03/21 03:16:52 [notice] 1#1: built by gcc 10.2.1 20210110 (Debian 10.2.1-6) 
2022/03/21 03:16:52 [notice] 1#1: OS: Linux 5.11.0-43-generic
2022/03/21 03:16:52 [notice] 1#1: getrlimit(RLIMIT_NOFILE): 1048576:1048576
2022/03/21 03:16:52 [notice] 1#1: start worker processes
2022/03/21 03:16:52 [notice] 1#1: start worker process 23
2022/03/21 03:16:52 [notice] 1#1: start worker process 24
2022/03/21 03:19:30 [notice] 1#1: signal 3 (SIGQUIT) received, shutting down
2022/03/21 03:19:30 [notice] 23#23: gracefully shutting down
2022/03/21 03:19:30 [notice] 24#24: gracefully shutting down
2022/03/21 03:19:30 [notice] 23#23: exiting
2022/03/21 03:19:30 [notice] 24#24: exiting
2022/03/21 03:19:30 [notice] 23#23: exit
2022/03/21 03:19:30 [notice] 24#24: exit
2022/03/21 03:19:30 [notice] 1#1: signal 17 (SIGCHLD) received from 23
2022/03/21 03:19:30 [notice] 1#1: worker process 23 exited with code 0
2022/03/21 03:19:30 [notice] 1#1: signal 29 (SIGIO) received
2022/03/21 03:19:30 [notice] 1#1: signal 17 (SIGCHLD) received from 24
2022/03/21 03:19:30 [notice] 1#1: worker process 24 exited with code 0
2022/03/21 03:19:30 [notice] 1#1: exit
2022/03/21 03:20:29 [emerg] 1#1: invalid number of arguments in "location" directive in /etc/nginx/conf.d/nginx.conf:11
2022/03/21 03:21:20 [emerg] 1#1: invalid number of arguments in "location" directive in /etc/nginx/conf.d/nginx.conf:11
2022/03/21 03:23:07 [notice] 1#1: using the "epoll" event method
2022/03/21 03:23:07 [notice] 1#1: nginx/1.21.6
2022/03/21 03:23:07 [notice] 1#1: built by gcc 10.2.1 20210110 (Debian 10.2.1-6) 
2022/03/21 03:23:07 [notice] 1#1: OS: Linux 5.11.0-43-generic
2022/03/21 03:23:07 [notice] 1#1: getrlimit(RLIMIT_NOFILE): 1048576:1048576
2022/03/21 03:23:07 [notice] 1#1: start worker processes
2022/03/21 03:23:07 [notice] 1#1: start worker process 24
2022/03/21 03:23:07 [notice] 1#1: start worker process 25
2022/03/21 03:24:26 [notice] 1#1: signal 3 (SIGQUIT) received, shutting down
2022/03/21 03:24:26 [notice] 24#24: gracefully shutting down
2022/03/21 03:24:26 [notice] 24#24: exiting
2022/03/21 03:24:26 [notice] 25#25: gracefully shutting down
2022/03/21 03:24:26 [notice] 24#24: exit
2022/03/21 03:24:26 [notice] 25#25: exiting
2022/03/21 03:24:26 [notice] 25#25: exit
2022/03/21 03:24:26 [notice] 1#1: signal 17 (SIGCHLD) received from 25
2022/03/21 03:24:26 [notice] 1#1: worker process 24 exited with code 0
2022/03/21 03:24:26 [notice] 1#1: worker process 25 exited with code 0
2022/03/21 03:24:26 [notice] 1#1: exit
2022/03/21 03:25:12 [notice] 1#1: using the "epoll" event method
2022/03/21 03:25:12 [notice] 1#1: nginx/1.21.6
2022/03/21 03:25:12 [notice] 1#1: built by gcc 10.2.1 20210110 (Debian 10.2.1-6) 
2022/03/21 03:25:12 [notice] 1#1: OS: Linux 5.11.0-43-generic
2022/03/21 03:25:12 [notice] 1#1: getrlimit(RLIMIT_NOFILE): 1048576:1048576
2022/03/21 03:25:12 [notice] 1#1: start worker processes
2022/03/21 03:25:12 [notice] 1#1: start worker process 25
2022/03/21 03:25:12 [notice] 1#1: start worker process 26
2022/03/21 03:26:09 [notice] 1#1: signal 3 (SIGQUIT) received, shutting down
2022/03/21 03:26:09 [notice] 26#26: gracefully shutting down
2022/03/21 03:26:09 [notice] 26#26: exiting
2022/03/21 03:26:09 [notice] 26#26: exit
2022/03/21 03:26:09 [notice] 25#25: gracefully shutting down
2022/03/21 03:26:09 [notice] 25#25: exiting
2022/03/21 03:26:09 [notice] 25#25: exit
2022/03/21 03:26:09 [notice] 1#1: signal 17 (SIGCHLD) received from 26
2022/03/21 03:26:09 [notice] 1#1: worker process 25 exited with code 0
2022/03/21 03:26:09 [notice] 1#1: worker process 26 exited with code 0
2022/03/21 03:26:09 [notice] 1#1: exit
2022/03/21 03:26:23 [notice] 1#1: using the "epoll" event method
2022/03/21 03:26:23 [notice] 1#1: nginx/1.21.6
2022/03/21 03:26:23 [notice] 1#1: built by gcc 10.2.1 20210110 (Debian 10.2.1-6) 
2022/03/21 03:26:23 [notice] 1#1: OS: Linux 5.11.0-43-generic
2022/03/21 03:26:23 [notice] 1#1: getrlimit(RLIMIT_NOFILE): 1048576:1048576
2022/03/21 03:26:23 [notice] 1#1: start worker processes
2022/03/21 03:26:23 [notice] 1#1: start worker process 24
2022/03/21 03:26:23 [notice] 1#1: start worker process 25
2022/03/21 03:26:56 [notice] 1#1: signal 3 (SIGQUIT) received, shutting down
2022/03/21 03:26:56 [notice] 25#25: gracefully shutting down
2022/03/21 03:26:56 [notice] 25#25: exiting
2022/03/21 03:26:56 [notice] 25#25: exit
2022/03/21 03:26:56 [notice] 24#24: gracefully shutting down
2022/03/21 03:26:56 [notice] 24#24: exiting
2022/03/21 03:26:56 [notice] 24#24: exit
2022/03/21 03:26:56 [notice] 1#1: signal 17 (SIGCHLD) received from 25
2022/03/21 03:26:56 [notice] 1#1: worker process 25 exited with code 0
2022/03/21 03:26:56 [notice] 1#1: signal 29 (SIGIO) received
2022/03/21 03:26:56 [notice] 1#1: signal 17 (SIGCHLD) received from 24
2022/03/21 03:26:56 [notice] 1#1: worker process 24 exited with code 0
2022/03/21 03:26:56 [notice] 1#1: exit
2022/03/21 03:28:51 [notice] 1#1: using the "epoll" event method
2022/03/21 03:28:51 [notice] 1#1: nginx/1.21.6
2022/03/21 03:28:51 [notice] 1#1: built by gcc 10.2.1 20210110 (Debian 10.2.1-6) 
2022/03/21 03:28:51 [notice] 1#1: OS: Linux 5.11.0-43-generic
2022/03/21 03:28:51 [notice] 1#1: getrlimit(RLIMIT_NOFILE): 1048576:1048576
2022/03/21 03:28:51 [notice] 1#1: start worker processes
2022/03/21 03:28:51 [notice] 1#1: start worker process 23
2022/03/21 03:28:51 [notice] 1#1: start worker process 24
2022/03/21 03:29:03 [notice] 1#1: signal 3 (SIGQUIT) received, shutting down
2022/03/21 03:29:03 [notice] 23#23: gracefully shutting down
2022/03/21 03:29:03 [notice] 24#24: gracefully shutting down
2022/03/21 03:29:03 [notice] 23#23: exiting
2022/03/21 03:29:03 [notice] 24#24: exiting
2022/03/21 03:29:03 [notice] 24#24: exit
2022/03/21 03:29:03 [notice] 23#23: exit
2022/03/21 03:29:03 [notice] 1#1: signal 17 (SIGCHLD) received from 24
2022/03/21 03:29:03 [notice] 1#1: worker process 24 exited with code 0
2022/03/21 03:29:03 [notice] 1#1: signal 29 (SIGIO) received
2022/03/21 03:29:03 [notice] 1#1: signal 17 (SIGCHLD) received from 23
2022/03/21 03:29:03 [notice] 1#1: worker process 23 exited with code 0
2022/03/21 03:29:03 [notice] 1#1: exit
2022/03/21 03:30:25 [notice] 1#1: using the "epoll" event method
2022/03/21 03:30:25 [notice] 1#1: nginx/1.21.6
2022/03/21 03:30:25 [notice] 1#1: built by gcc 10.2.1 20210110 (Debian 10.2.1-6) 
2022/03/21 03:30:25 [notice] 1#1: OS: Linux 5.11.0-43-generic
2022/03/21 03:30:25 [notice] 1#1: getrlimit(RLIMIT_NOFILE): 1048576:1048576
2022/03/21 03:30:25 [notice] 1#1: start worker processes
2022/03/21 03:30:25 [notice] 1#1: start worker process 24
2022/03/21 03:30:25 [notice] 1#1: start worker process 25
2022/03/21 03:30:35 [notice] 1#1: signal 3 (SIGQUIT) received, shutting down
2022/03/21 03:30:35 [notice] 24#24: gracefully shutting down
2022/03/21 03:30:35 [notice] 24#24: exiting
2022/03/21 03:30:35 [notice] 24#24: exit
2022/03/21 03:30:35 [notice] 25#25: gracefully shutting down
2022/03/21 03:30:35 [notice] 25#25: exiting
2022/03/21 03:30:35 [notice] 25#25: exit
2022/03/21 03:30:35 [notice] 1#1: signal 17 (SIGCHLD) received from 24
2022/03/21 03:30:35 [notice] 1#1: worker process 24 exited with code 0
2022/03/21 03:30:35 [notice] 1#1: signal 29 (SIGIO) received
2022/03/21 03:30:35 [notice] 1#1: signal 17 (SIGCHLD) received from 25
2022/03/21 03:30:35 [notice] 1#1: worker process 25 exited with code 0
2022/03/21 03:30:35 [notice] 1#1: exit
2022/03/21 03:32:17 [notice] 1#1: using the "epoll" event method
2022/03/21 03:32:17 [notice] 1#1: nginx/1.21.6
2022/03/21 03:32:17 [notice] 1#1: built by gcc 10.2.1 20210110 (Debian 10.2.1-6) 
2022/03/21 03:32:17 [notice] 1#1: OS: Linux 5.11.0-43-generic
2022/03/21 03:32:17 [notice] 1#1: getrlimit(RLIMIT_NOFILE): 1048576:1048576
2022/03/21 03:32:17 [notice] 1#1: start worker processes
2022/03/21 03:32:17 [notice] 1#1: start worker process 23
2022/03/21 03:32:17 [notice] 1#1: start worker process 24
2022/03/21 03:32:27 [notice] 1#1: signal 3 (SIGQUIT) received, shutting down
2022/03/21 03:32:27 [notice] 24#24: gracefully shutting down
2022/03/21 03:32:27 [notice] 24#24: exiting
2022/03/21 03:32:27 [notice] 24#24: exit
2022/03/21 03:32:27 [notice] 23#23: gracefully shutting down
2022/03/21 03:32:27 [notice] 23#23: exiting
2022/03/21 03:32:27 [notice] 23#23: exit
2022/03/21 03:32:27 [notice] 1#1: signal 17 (SIGCHLD) received from 24
2022/03/21 03:32:27 [notice] 1#1: worker process 23 exited with code 0
2022/03/21 03:32:27 [notice] 1#1: worker process 24 exited with code 0
2022/03/21 03:32:27 [notice] 1#1: exit
2022/03/21 03:33:01 [notice] 1#1: using the "epoll" event method
2022/03/21 03:33:01 [notice] 1#1: nginx/1.21.6
2022/03/21 03:33:01 [notice] 1#1: built by gcc 10.2.1 20210110 (Debian 10.2.1-6) 
2022/03/21 03:33:01 [notice] 1#1: OS: Linux 5.11.0-43-generic
2022/03/21 03:33:01 [notice] 1#1: getrlimit(RLIMIT_NOFILE): 1048576:1048576
2022/03/21 03:33:01 [notice] 1#1: start worker processes
2022/03/21 03:33:01 [notice] 1#1: start worker process 23
2022/03/21 03:33:01 [notice] 1#1: start worker process 24
2022/03/21 03:33:14 [notice] 1#1: signal 3 (SIGQUIT) received, shutting down
2022/03/21 03:33:14 [notice] 23#23: gracefully shutting down
2022/03/21 03:33:14 [notice] 23#23: exiting
2022/03/21 03:33:14 [notice] 23#23: exit
2022/03/21 03:33:14 [notice] 24#24: gracefully shutting down
2022/03/21 03:33:14 [notice] 24#24: exiting
2022/03/21 03:33:14 [notice] 24#24: exit
2022/03/21 03:33:14 [notice] 1#1: signal 17 (SIGCHLD) received from 23
2022/03/21 03:33:14 [notice] 1#1: worker process 23 exited with code 0
2022/03/21 03:33:14 [notice] 1#1: worker process 24 exited with code 0
2022/03/21 03:33:14 [notice] 1#1: exit
2022/03/21 03:33:54 [notice] 1#1: using the "epoll" event method
2022/03/21 03:33:54 [notice] 1#1: nginx/1.21.6
2022/03/21 03:33:54 [notice] 1#1: built by gcc 10.2.1 20210110 (Debian 10.2.1-6) 
2022/03/21 03:33:54 [notice] 1#1: OS: Linux 5.11.0-43-generic
2022/03/21 03:33:54 [notice] 1#1: getrlimit(RLIMIT_NOFILE): 1048576:1048576
2022/03/21 03:33:54 [notice] 1#1: start worker processes
2022/03/21 03:33:54 [notice] 1#1: start worker process 24
2022/03/21 03:33:54 [notice] 1#1: start worker process 25
2022/03/21 03:35:14 [notice] 1#1: signal 3 (SIGQUIT) received, shutting down
2022/03/21 03:35:14 [notice] 24#24: gracefully shutting down
2022/03/21 03:35:14 [notice] 25#25: gracefully shutting down
2022/03/21 03:35:14 [notice] 24#24: exiting
2022/03/21 03:35:14 [notice] 25#25: exiting
2022/03/21 03:35:14 [notice] 24#24: exit
2022/03/21 03:35:14 [notice] 25#25: exit
2022/03/21 03:35:14 [notice] 1#1: signal 17 (SIGCHLD) received from 24
2022/03/21 03:35:14 [notice] 1#1: worker process 24 exited with code 0
2022/03/21 03:35:14 [notice] 1#1: worker process 25 exited with code 0
2022/03/21 03:35:14 [notice] 1#1: exit
2022/03/21 03:40:56 [notice] 1#1: using the "epoll" event method
2022/03/21 03:40:56 [notice] 1#1: nginx/1.21.6
2022/03/21 03:40:56 [notice] 1#1: built by gcc 10.2.1 20210110 (Debian 10.2.1-6) 
2022/03/21 03:40:56 [notice] 1#1: OS: Linux 5.11.0-43-generic
2022/03/21 03:40:56 [notice] 1#1: getrlimit(RLIMIT_NOFILE): 1048576:1048576
2022/03/21 03:40:56 [notice] 1#1: start worker processes
2022/03/21 03:40:56 [notice] 1#1: start worker process 22
2022/03/21 03:40:56 [notice] 1#1: start worker process 23
2022/03/21 03:41:13 [notice] 1#1: signal 3 (SIGQUIT) received, shutting down
2022/03/21 03:41:13 [notice] 22#22: gracefully shutting down
2022/03/21 03:41:13 [notice] 22#22: exiting
2022/03/21 03:41:13 [notice] 22#22: exit
2022/03/21 03:41:13 [notice] 23#23: gracefully shutting down
2022/03/21 03:41:13 [notice] 23#23: exiting
2022/03/21 03:41:13 [notice] 23#23: exit
2022/03/21 03:41:13 [notice] 1#1: signal 17 (SIGCHLD) received from 22
2022/03/21 03:41:13 [notice] 1#1: worker process 22 exited with code 0
2022/03/21 03:41:13 [notice] 1#1: signal 29 (SIGIO) received
2022/03/21 03:41:13 [notice] 1#1: signal 17 (SIGCHLD) received from 23
2022/03/21 03:41:13 [notice] 1#1: worker process 23 exited with code 0
2022/03/21 03:41:13 [notice] 1#1: exit
